

Version:	3.13
CmdLine:	F:\馝昆\3 敍宜\6 張愼粧圍Lab2\target\Lab2.exe --l4j-debug
WOW64:		yes
Working dir:	F:\馝昆\3 敍宜\6 張愼粧圍Lab2\target\.
Java min ver:	1.008.000
Java max ver:	1.008.000_281
64-bit search:	SOFTWARE\JavaSoft\Java Runtime Environment...
Check:		SOFTWARE\JavaSoft\Java Runtime Environment\1.8
Check launcher:	C:\Program Files\Java\jre1.8.0_271\bin\javaw.exe (OK)
Match:		1.008.000
Check:		SOFTWARE\JavaSoft\Java Runtime Environment\1.8.0_271
Check launcher:	C:\Program Files\Java\jre1.8.0_271\bin\javaw.exe (OK)
Match:		1.008.000_271
64-bit search:	SOFTWARE\JavaSoft\Java Development Kit...
Check:		SOFTWARE\JavaSoft\Java Development Kit\1.8
Ignore:		1.008.000
Check:		SOFTWARE\JavaSoft\Java Development Kit\1.8.0_271
Ignore:		1.008.000_271
64-bit search:	SOFTWARE\JavaSoft\JRE...
64-bit search:	SOFTWARE\JavaSoft\JDK...
Check:		SOFTWARE\JavaSoft\JDK\15.0.1
Ignore:		1.015.000_001
Runtime used:	1.008.000_271 (64-bit)
Launcher:	C:\Program Files\Java\jre1.8.0_271\bin\javaw.exe
Launcher args:	-jar "F:\馝昆\3 敍宜\6 張愼粧圍Lab2\target\Lab2.exe"
Args length:	53/32768 chars
Exit code:	0


Version:	3.13
CmdLine:	F:\馝昆\3 敍宜\6 張愼粧圍Lab2\target\Lab2.exe --l4j-debug
WOW64:		yes
Working dir:	F:\馝昆\3 敍宜\6 張愼粧圍Lab2\target\.
Java min ver:	1.008.000
Java max ver:	1.008.000_281
64-bit search:	SOFTWARE\JavaSoft\Java Runtime Environment...
Check:		SOFTWARE\JavaSoft\Java Runtime Environment\1.8
Check launcher:	C:\Program Files\Java\jre1.8.0_271\bin\javaw.exe (OK)
Match:		1.008.000
Check:		SOFTWARE\JavaSoft\Java Runtime Environment\1.8.0_271
Check launcher:	C:\Program Files\Java\jre1.8.0_271\bin\javaw.exe (OK)
Match:		1.008.000_271
64-bit search:	SOFTWARE\JavaSoft\Java Development Kit...
Check:		SOFTWARE\JavaSoft\Java Development Kit\1.8
Ignore:		1.008.000
Check:		SOFTWARE\JavaSoft\Java Development Kit\1.8.0_271
Ignore:		1.008.000_271
64-bit search:	SOFTWARE\JavaSoft\JRE...
64-bit search:	SOFTWARE\JavaSoft\JDK...
Check:		SOFTWARE\JavaSoft\JDK\15.0.1
Ignore:		1.015.000_001
Runtime used:	1.008.000_271 (64-bit)
Launcher:	C:\Program Files\Java\jre1.8.0_271\bin\javaw.exe
Launcher args:	-jar "F:\馝昆\3 敍宜\6 張愼粧圍Lab2\target\Lab2.exe"
Args length:	53/32768 chars
Exit code:	0
